<?xml version="1.0" encoding="UTF-8"?>
<!-- Generated by org.testng.reporters.JUnitReportReporter -->
<testsuite hostname="aapna-lap-122" failures="0" tests="1" name="phase3PCK.EndToEndTest" time="5.468" errors="0" timestamp="16 Jul 2023 07:07:55 GMT" skipped="0">
  <testcase classname="phase3PCK.EndToEndTest" name="test1" time="5.468"/>
</testsuite> <!-- phase3PCK.EndToEndTest -->
