<?xml version="1.0" encoding="UTF-8"?>
<!-- Generated by org.testng.reporters.JUnitReportReporter -->
<testsuite hostname="aapna-lap-122" failures="0" tests="1" name="phase3PCK.EndToEndTest" time="4.765" errors="0" timestamp="16 Jul 2023 06:55:13 GMT" skipped="0">
  <testcase classname="phase3PCK.EndToEndTest" name="test1" time="4.765"/>
</testsuite> <!-- phase3PCK.EndToEndTest -->
