<?xml version="1.0" encoding="UTF-8"?>
<!-- Generated by org.testng.reporters.JUnitReportReporter -->
<testsuite hostname="aapna-lap-122" failures="0" tests="1" name="phase3PCK.GetEmployeeP3" time="3.339" errors="0" timestamp="16 Jul 2023 05:00:59 GMT" skipped="0">
  <testcase classname="phase3PCK.GetEmployeeP3" name="test1" time="3.339"/>
</testsuite> <!-- phase3PCK.GetEmployeeP3 -->
